"../../../Engine/Content/Animation/DefaultAnimCurveCompressionSettings.uasset" 0
"../../../Engine/Content/ArtTools/RenderToTexture/Enums/RenderToTexture_Enum.uasset" 1
"../../../Engine/Content/ArtTools/RenderToTexture/Enums/RenderToTexture_Flipbook_Enum.uasset" 2
"../../../Engine/Content/ArtTools/RenderToTexture/Enums/RenderToTexture_Imposter_Enum.uasset" 3
"../../../Engine/Content/EditorBlueprintResources/StandardMacros.uasset" 4
"../../../Engine/Content/ArtTools/RenderToTexture/Enums/EIntTypes.uasset" 5
"../../../Engine/Content/ArtTools/RenderToTexture/Macros/RenderToTextureFunctionLibrary.uasset" 6
"../../../Engine/Content/ArtTools/RenderToTexture/Enums/EFloatTypes.uasset" 7
"../../../Engine/Content/ArtTools/RenderToTexture/Macros/RenderToTextureMacros.uasset" 8
"../../../Engine/Content/Functions/Engine_MaterialFunctions01/Opacity/CameraDepthFade.uasset" 9
"../../../Engine/Content/EngineMaterials/T_Default_Material_Grid_M.uasset" 10
"../../../Engine/Content/EngineMaterials/T_Default_Material_Grid_N.uasset" 11
"../../../Engine/Content/EngineMaterials/WorldGridMaterial.uasset" 12
"../../../Engine/Content/ArtTools/RenderToTexture/Meshes/S_1_Unit_Plane.uasset" 13
"../../../Engine/Content/EngineMaterials/DefaultMaterial.uasset" 14
"../../../Engine/Content/BasicShapes/Cone.uasset" 15
"../../../Engine/Content/BasicShapes/Cylinder.uasset" 16
"../../../Engine/Content/BasicShapes/Plane.uasset" 17
"../../../Engine/Content/BasicShapes/Sphere.uasset" 18
"../../../Engine/Content/EngineMaterials/DefaultPhysicalMaterial.uasset" 19
"../../../Engine/Content/BufferVisualization/AmbientOcclusion.uasset" 20
"../../../Engine/Content/BufferVisualization/BaseColor.uasset" 21
"../../../Engine/Content/BufferVisualization/CustomDepth.uasset" 22
"../../../Engine/Content/Functions/Engine_MaterialFunctions02/Utility/VectorLength.uasset" 23
"../../../Engine/Content/BufferVisualization/CustomDepthWorldUnits.uasset" 24
"../../../Engine/Content/Functions/Engine_MaterialFunctions02/Utility/BreakOutFloat2Components.uasset" 25
"../../../Engine/Content/Functions/Engine_MaterialFunctions01/Texturing/ScaleUVsByCenter.uasset" 26
"../../../Engine/Content/Functions/Engine_MaterialFunctions02/ScreenResolution.uasset" 27
"../../../Engine/Content/Functions/Engine_MaterialFunctions02/Texturing/ScreenAlignedUVs.uasset" 28
"../../../Engine/Content/Functions/Engine_MaterialFunctions02/Utility/MakeFloat2.uasset" 29
"../../../Engine/Content/Functions/Engine_MaterialFunctions02/Utility/MakeFloat3.uasset" 30
"../../../Engine/Content/EngineMaterials/MiniFont.uasset" 31
"../../../Engine/Content/BufferVisualization/CustomStencil.uasset" 32
"../../../Engine/Content/BufferVisualization/FinalImage.uasset" 33
"../../../Engine/Content/BufferVisualization/LightingModel.uasset" 34
"../../../Engine/Content/BufferVisualization/MaterialAO.uasset" 35
"../../../Engine/Content/BufferVisualization/Metallic.uasset" 36
"../../../Engine/Content/BufferVisualization/Opacity.uasset" 37
"../../../Engine/Content/BufferVisualization/PostTonemapHDRColor.uasset" 38
"../../../Engine/Content/BufferVisualization/PreTonemapHDRColor.uasset" 39
"../../../Engine/Content/BufferVisualization/Roughness.uasset" 40
"../../../Engine/Content/BufferVisualization/SceneColor.uasset" 41
"../../../Engine/Content/BufferVisualization/SceneDepth.uasset" 42
"../../../Engine/Content/BufferVisualization/SceneDepthWorldUnits.uasset" 43
"../../../Engine/Content/BufferVisualization/SeparateTranslucencyA.uasset" 44
"../../../Engine/Content/BufferVisualization/SeparateTranslucencyRGB.uasset" 45
"../../../Engine/Content/BufferVisualization/Specular.uasset" 46
"../../../Engine/Content/BufferVisualization/SubsurfaceColor.uasset" 47
"../../../Engine/Content/BufferVisualization/Velocity.uasset" 48
"../../../Engine/Content/BufferVisualization/WorldNormal.uasset" 49
"../../../Engine/Content/EditorBlueprintResources/ActorMacros.uasset" 50
"../../../Engine/Content/EditorLandscapeResources/DataLayer.uasset" 51
"../../../Engine/Content/EditorLandscapeResources/DefaultAlphaTexture.uasset" 52
"../../../Engine/Content/EditorLandscapeResources/LandscapeGizmoHeight_Mat.uasset" 53
"../../../Engine/Content/EditorLandscapeResources/LandscapeGizmo_Mat.uasset" 54
"../../../Engine/Content/EditorLandscapeResources/LandscapeGizmo_Mat_Copied.uasset" 55
"../../../Engine/Content/EditorLandscapeResources/SplineEditorMeshMat.uasset" 56
"../../../Engine/Content/EditorLandscapeResources/SplineEditorMesh.uasset" 57
"../../../Engine/Content/EditorMaterials/Cross.uasset" 58
"../../../Engine/Content/EditorMaterials/Cross_Mat.uasset" 59
"../../../Engine/Content/EngineMaterials/DefaultDiffuse.uasset" 60
"../../../Engine/Content/Functions/Engine_MaterialFunctions01/Texturing/TextureCropping.uasset" 61
"../../../Engine/Content/Functions/Engine_MaterialFunctions01/Texturing/ComputeMipLevel.uasset" 62
"../../../Engine/Content/Functions/Engine_MaterialFunctions02/ExampleContent/DebugNumberStrip.uasset" 63
"../../../Engine/Content/Functions/Engine_MaterialFunctions02/ExampleContent/Textures/DebugNumberPeriod.uasset" 64
"../../../Engine/Content/Functions/Engine_MaterialFunctions02/Utility/DebugScalarValues.uasset" 65
"../../../Engine/Content/Functions/Engine_MaterialFunctions02/Utility/DebugFloat2Values.uasset" 66
"../../../Engine/Content/Functions/Engine_MaterialFunctions02/ExampleContent/Textures/flipbook.uasset" 67
"../../../Engine/Content/Functions/Engine_MaterialFunctions02/Texturing/FlipBook.uasset" 68
"../../../Engine/Content/Functions/Engine_MaterialFunctions02/Utility/Sign.uasset" 69
"../../../Engine/Content/Functions/Engine_MaterialFunctions02/Utility/Round.uasset" 70
"../../../Engine/Content/EditorResources/T_EditorHelp.uasset" 71
"../../../Engine/Content/EditorMaterials/HelpActorMaterial.uasset" 72
"../../../Engine/Content/EditorMaterials/CompositeARGBLayer.uasset" 73
"../../../Engine/Content/EditorMaterials/TilingAALineIntegral.uasset" 74
"../../../Engine/Content/EditorMaterials/TilingAALineBoxFiltered.uasset" 75
"../../../Engine/Content/Functions/Engine_MaterialFunctions03/Procedurals/ComputeFilterWidth.uasset" 76
"../../../Engine/Content/EditorMaterials/TilingAADots.uasset" 77
"../../../Engine/Content/EngineMaterials/BlendFunc_DefBase.uasset" 78
"../../../Engine/Content/EngineMaterials/BlendFunc_DefBlend.uasset" 79
"../../../Engine/Content/Functions/Engine_MaterialFunctions03/Blends/Blend_Screen.uasset" 80
"../../../Engine/Content/EditorMaterials/TilingAAGrid.uasset" 81
"../../../Engine/Content/EditorMaterials/LevelGridMaterial.uasset" 82
"../../../Engine/Content/EditorMaterials/MakeCompositeARGBLayer.uasset" 83
"../../../Engine/Content/EditorResources/LevelGrid1DStripes.uasset" 84
"../../../Engine/Content/EditorMaterials/TextureGridCascaded1D.uasset" 85
"../../../Engine/Content/EditorMaterials/TextureGridCascaded2D.uasset" 86
"../../../Engine/Content/EditorMaterials/LevelGridMaterial2.uasset" 87
"../../../Engine/Content/EditorMaterials/MAT_Groups_Toggle.uasset" 88
"../../../Engine/Content/EditorMaterials/MAT_Groups_Visibility.uasset" 89
"../../../Engine/Content/EditorMaterials/AntialiasedGridFloor.uasset" 90
"../../../Engine/Content/EditorResources/TilePatine_D.uasset" 91
"../../../Engine/Content/EditorResources/TilePatine_N.uasset" 92
"../../../Engine/Content/EngineMaterials/Grid.uasset" 93
"../../../Engine/Content/EditorMaterials/PersonaFloorMat.uasset" 94
"../../../Engine/Content/EditorMaterials/PhAT_BoneSelectedMaterial.uasset" 95
"../../../Engine/Content/EditorMaterials/PhAT_ElemSelectedMaterial.uasset" 96
"../../../Engine/Content/EditorMaterials/PhAT_NoCollisionMaterial.uasset" 97
"../../../Engine/Content/EditorMaterials/PhAT_UnselectedMaterial.uasset" 98
"../../../Engine/Content/EditorMaterials/PreviewShadowIndicator.uasset" 99
"../../../Engine/Content/EditorMaterials/PreviewShadowIndicatorMaterial.uasset" 100
"../../../Engine/Content/EditorMaterials/TargetIcon.uasset" 101
"../../../Engine/Content/EditorMaterials/Tick.uasset" 102
"../../../Engine/Content/EditorMaterials/Tick_Mat.uasset" 103
"../../../Engine/Content/EditorMaterials/WidgetGridVertexColorMaterial.uasset" 104
"../../../Engine/Content/EditorMaterials/WidgetGridVertexColorMaterial_Ma.uasset" 105
"../../../Engine/Content/EditorMaterials/WidgetMaterial.uasset" 106
"../../../Engine/Content/EditorMaterials/WidgetMaterial_Current.uasset" 107
"../../../Engine/Content/EditorMaterials/WidgetMaterial_X.uasset" 108
"../../../Engine/Content/EditorMaterials/WidgetMaterial_Y.uasset" 109
"../../../Engine/Content/EditorMaterials/WidgetMaterial_Z.uasset" 110
"../../../Engine/Content/EditorMaterials/WidgetVertexColorMaterial.uasset" 111
"../../../Engine/Content/EditorMaterials/MatineeGroups/MAT_ColorTrack.uasset" 112
"../../../Engine/Content/EditorMaterials/MatineeGroups/MAT_Groups_Anim.uasset" 113
"../../../Engine/Content/EditorMaterials/MatineeGroups/MAT_Groups_AudioMaster.uasset" 114
"../../../Engine/Content/EditorMaterials/MatineeGroups/MAT_Groups_Director.uasset" 115
"../../../Engine/Content/EditorMaterials/MatineeGroups/MAT_Groups_Event.uasset" 116
"../../../Engine/Content/EditorMaterials/MatineeGroups/MAT_Groups_Fade.uasset" 117
"../../../Engine/Content/EditorMaterials/MatineeGroups/MAT_Groups_Float.uasset" 118
"../../../Engine/Content/EditorMaterials/MatineeGroups/MAT_Groups_Move.uasset" 119
"../../../Engine/Content/EditorMaterials/MatineeGroups/MAT_Groups_Slomo.uasset" 120
"../../../Engine/Content/EditorMaterials/MatineeGroups/MAT_Groups_Sound.uasset" 121
"../../../Engine/Content/EditorMaterials/MatineeGroups/MAT_Groups_Vector.uasset" 122
"../../../Engine/Content/EditorMaterials/ParticleSystems/PSysThumbnail_NoImage.uasset" 123
"../../../Engine/Content/EditorMaterials/ParticleSystems/PSysThumbnail_OOD.uasset" 124
"../../../Engine/Content/EditorMaterials/Thumbnails/FloorPlaneMaterial.uasset" 125
"../../../Engine/Content/EditorMeshes/EditorCube.uasset" 126
"../../../Engine/Content/EditorMeshes/EditorCylinder.uasset" 127
"../../../Engine/Content/EditorMeshes/EditorPlane.uasset" 128
"../../../Engine/Content/EditorMaterials/Thumbnails/SkySphereMaterial.uasset" 129
"../../../Engine/Content/EditorMeshes/EditorSkySphere.uasset" 130
"../../../Engine/Content/EditorMeshes/EditorSphere.uasset" 131
"../../../Engine/Content/EditorResources/MatineeCam_D.uasset" 132
"../../../Engine/Content/EditorMaterials/MatineeCam_mat.uasset" 133
"../../../Engine/Content/EditorMeshes/MatineeCam_SM.uasset" 134
"../../../Engine/Content/Functions/Engine_MaterialFunctions01/Shading/ConvertFromDiffSpec.uasset" 135
"../../../Engine/Content/EditorMaterials/GridMaterial.uasset" 136
"../../../Engine/Content/EditorMeshes/PhAT_FloorBox.uasset" 137
"../../../Engine/Content/EditorMeshes/PlanarReflectionPlane.uasset" 138
"../../../Engine/Content/EditorMaterials/Camera/CineMat.uasset" 139
"../../../Engine/Content/EditorMaterials/Camera/MI_CineMat_CameraBody.uasset" 140
"../../../Engine/Content/EngineDebugMaterials/M_SimpleOpaque.uasset" 141
"../../../Engine/Content/EditorMaterials/Camera/MI_CineMat_CamViewFinder.uasset" 142
"../../../Engine/Content/EditorMeshes/Camera/SM_CineCam.uasset" 143
"../../../Engine/Content/EditorMaterials/Camera/MI_CineMat_Rig.uasset" 144
"../../../Engine/Content/EditorMeshes/Camera/SM_CraneRig_Arm.uasset" 145
"../../../Engine/Content/EditorMeshes/Camera/SM_CraneRig_Base.uasset" 146
"../../../Engine/Content/EditorMeshes/Camera/SM_CraneRig_Body.uasset" 147
"../../../Engine/Content/EditorMeshes/Camera/SM_CraneRig_Mount.uasset" 148
"../../../Engine/Content/EditorMeshes/Camera/SM_RailRig_Mount.uasset" 149
"../../../Engine/Content/EditorMeshes/Camera/SM_RailRig_Track.uasset" 150
"../../../Engine/Content/EditorMeshes/ColorCalibrator/M_ChromeBall.uasset" 151
"../../../Engine/Content/EditorResources/Bad.uasset" 152
"../../../Engine/Content/EditorResources/BSPVertex.uasset" 153
"../../../Engine/Content/EditorResources/EmptyActor.uasset" 154
"../../../Engine/Content/EditorResources/MatInstActSprite.uasset" 155
"../../../Engine/Content/EditorResources/SceneManager.uasset" 156
"../../../Engine/Content/EditorResources/SmallFont.uasset" 157
"../../../Engine/Content/EditorResources/S_Actor.uasset" 158
"../../../Engine/Content/EditorResources/S_DecalActorIcon.uasset" 159
"../../../Engine/Content/EditorResources/S_Emitter.uasset" 160
"../../../Engine/Content/EditorResources/S_ExpoHeightFog.uasset" 161
"../../../Engine/Content/EditorResources/S_FTest.uasset" 162
"../../../Engine/Content/EditorResources/S_KBSJoint.uasset" 163
"../../../Engine/Content/EditorResources/S_KHinge.uasset" 164
"../../../Engine/Content/EditorResources/S_KPrismatic.uasset" 165
"../../../Engine/Content/EditorResources/S_LevelSequence.uasset" 166
"../../../Engine/Content/EditorResources/S_NavP.uasset" 167
"../../../Engine/Content/EditorResources/S_Note.uasset" 168
"../../../Engine/Content/EditorResources/S_Player.uasset" 169
"../../../Engine/Content/EditorResources/S_PortalActorIcon2.uasset" 170
"../../../Engine/Content/EditorResources/S_RadForce.uasset" 171
"../../../Engine/Content/EditorResources/S_ReflActorIcon.uasset" 172
"../../../Engine/Content/EditorResources/S_SkyAtmosphere.uasset" 173
"../../../Engine/Content/EditorResources/S_Solver.uasset" 174
"../../../Engine/Content/EditorResources/S_Terrain.uasset" 175
"../../../Engine/Content/EditorResources/S_TextRenderActorIcon.uasset" 176
"../../../Engine/Content/EditorResources/S_Thruster.uasset" 177
"../../../Engine/Content/EditorResources/S_Trigger.uasset" 178
"../../../Engine/Content/EditorResources/S_VectorFieldVol.uasset" 179
"../../../Engine/Content/EditorResources/S_WindDirectional.uasset" 180
"../../../Engine/Content/EditorResources/AI/S_NavLink.uasset" 181
"../../../Engine/Content/EditorResources/LightIcons/SkyLight.uasset" 182
"../../../Engine/Content/EditorResources/LightIcons/S_LightDirectional.uasset" 183
"../../../Engine/Content/EditorResources/LightIcons/S_LightDirectionalMove.uasset" 184
"../../../Engine/Content/EditorResources/LightIcons/S_LightError.uasset" 185
"../../../Engine/Content/EditorResources/LightIcons/S_LightPoint.uasset" 186
"../../../Engine/Content/EditorResources/LightIcons/S_LightPointMove.uasset" 187
"../../../Engine/Content/EditorResources/LightIcons/S_LightSpot.uasset" 188
"../../../Engine/Content/EditorResources/LightIcons/S_LightSpotMove.uasset" 189
"../../../Engine/Content/EditorResources/SequenceRecorder/Countdown.uasset" 190
"../../../Engine/Content/EditorResources/SequenceRecorder/RecordingIndicator.uasset" 191
"../../../Engine/Content/EditorResources/Spline/T_Loft_Spline.uasset" 192
"../../../Engine/Content/EditorSounds/Notifications/CompileFailed.uasset" 193
"../../../Engine/Content/EditorSounds/Notifications/CompileFailed_Cue.uasset" 194
"../../../Engine/Content/EditorSounds/Notifications/CompileSuccess.uasset" 195
"../../../Engine/Content/EditorSounds/Notifications/CompileStart_Cue.uasset" 196
"../../../Engine/Content/EditorSounds/Notifications/CompileSuccess_Cue.uasset" 197
"../../../Engine/Content/EngineDamageTypes/DmgTypeBP_Environmental.uasset" 198
"../../../Engine/Content/EngineDebugMaterials/HeatmapGradient.uasset" 199
"../../../Engine/Content/EngineDebugMaterials/BoneWeightMaterial.uasset" 200
"../../../Engine/Content/EngineDebugMaterials/ClothMaterial.uasset" 201
"../../../Engine/Content/EngineDebugMaterials/ClothMaterial_WF.uasset" 202
"../../../Engine/Content/EngineDebugMaterials/DebugEditorMaterial.uasset" 203
"../../../Engine/Content/EngineDebugMaterials/DebugMeshMaterial.uasset" 204
"../../../Engine/Content/EngineDebugMaterials/GeomMaterial.uasset" 205
"../../../Engine/Content/EngineDebugMaterials/LevelColorationLitMaterial.uasset" 206
"../../../Engine/Content/EngineDebugMaterials/LevelColorationUnlitMaterial.uasset" 207
"../../../Engine/Content/EngineMaterials/DefaultWhiteGrid.uasset" 208
"../../../Engine/Content/EngineDebugMaterials/MAT_LevelColorationLitLightmapUV.uasset" 209
"../../../Engine/Content/EngineDebugMaterials/M_SimpleTranslucent.uasset" 210
"../../../Engine/Content/Functions/Engine_MaterialFunctions02/Utility/CameraDirectionVector.uasset" 211
"../../../Engine/Content/EngineDebugMaterials/VolumeToRender.uasset" 212
"../../../Engine/Content/EngineDebugMaterials/M_VolumeRenderSphereTracePP.uasset" 213
"../../../Engine/Content/EngineDebugMaterials/ShadedLevelColorationLitMaterial.uasset" 214
"../../../Engine/Content/EngineDebugMaterials/ShadedLevelColorationUnlitMateri.uasset" 215
"../../../Engine/Content/EngineDebugMaterials/VertexColorMaterial.uasset" 216
"../../../Engine/Content/EngineDebugMaterials/VertexColorViewMode_AlphaAsColor.uasset" 217
"../../../Engine/Content/EngineDebugMaterials/VertexColorViewMode_BlueOnly.uasset" 218
"../../../Engine/Content/EngineDebugMaterials/VertexColorViewMode_ColorOnly.uasset" 219
"../../../Engine/Content/EngineDebugMaterials/VertexColorViewMode_GreenOnly.uasset" 220
"../../../Engine/Content/EngineDebugMaterials/VertexColorViewMode_RedOnly.uasset" 221
"../../../Engine/Content/EngineDebugMaterials/WireframeMaterial.uasset" 222
"../../../Engine/Content/EngineFonts/Faces/DroidSansFallback.uasset" 223
"../../../Engine/Content/EngineFonts/Faces/RobotoBold.uasset" 224
"../../../Engine/Content/EngineFonts/Faces/RobotoBoldItalic.uasset" 225
"../../../Engine/Content/EngineFonts/Faces/RobotoItalic.uasset" 226
"../../../Engine/Content/EngineFonts/Faces/RobotoLight.uasset" 227
"../../../Engine/Content/EngineFonts/Faces/RobotoRegular.uasset" 228
"../../../Engine/Content/EngineFonts/Roboto.uasset" 229
"../../../Engine/Content/EngineFonts/Faces/RobotoTiny.uasset" 230
"../../../Engine/Content/EngineFonts/RobotoTiny.uasset" 231
"../../../Engine/Content/EngineFonts/SmallFont.uasset" 232
"../../../Engine/Content/EngineFonts/TinyFont.uasset" 233
"../../../Engine/Content/EngineMaterials/BaseFlattenDiffuseMap.uasset" 234
"../../../Engine/Content/EngineMaterials/BaseFlattenEmissiveMap.uasset" 235
"../../../Engine/Content/EngineMaterials/BaseFlattenGrayscaleMap.uasset" 236
"../../../Engine/Content/EngineMaterials/BaseFlattenNormalMap.uasset" 237
"../../../Engine/Content/EngineMaterials/BaseFlattenMaterial.uasset" 238
"../../../Engine/Content/EngineResources/WhiteSquareTexture.uasset" 239
"../../../Engine/Content/EngineMaterials/BlinkingCaret.uasset" 240
"../../../Engine/Content/EngineMaterials/BlueNoise.uasset" 241
"../../../Engine/Content/EngineMaterials/DefaultBloomKernel.uasset" 242
"../../../Engine/Content/EngineMaterials/DefaultBokeh.uasset" 243
"../../../Engine/Content/EngineMaterials/DefaultDeferredDecalMaterial.uasset" 244
"../../../Engine/Content/EngineMaterials/DefaultLightFunctionMaterial.uasset" 245
"../../../Engine/Content/EngineMaterials/DefaultNormal.uasset" 246
"../../../Engine/Content/EngineMaterials/DefaultPostProcessMaterial.uasset" 247
"../../../Engine/Content/EngineFonts/RobotoDistanceField.uasset" 248
"../../../Engine/Content/EngineMaterials/DefaultTextMaterialOpaque.uasset" 249
"../../../Engine/Content/EngineMaterials/DefaultVirtualTextureMaterial.uasset" 250
"../../../Engine/Content/EngineMaterials/EditorBrushMaterial.uasset" 251
"../../../Engine/Content/EngineMaterials/DefaultWhiteGrid_Low.uasset" 252
"../../../Engine/Content/EngineMaterials/EmissiveMeshMaterial.uasset" 253
"../../../Engine/Content/EngineMaterials/GizmoMaterial.uasset" 254
"../../../Engine/Content/EngineMaterials/Good64x64TilingNoiseHighFreq.uasset" 255
"../../../Engine/Content/EngineMaterials/Grid_N.uasset" 256
"../../../Engine/Content/EngineMaterials/HairColorMap.uasset" 257
"../../../Engine/Content/EngineMaterials/HairDebugColor.uasset" 258
"../../../Engine/Content/EngineMaterials/HairDebugMaterial.uasset" 259
"../../../Engine/Content/EngineMaterials/HairDefaultMaterial.uasset" 260
"../../../Engine/Content/EngineMaterials/HighResolutionScreenshotMaskFunction.uasset" 261
"../../../Engine/Content/EngineMaterials/HighResScreenshot.uasset" 262
"../../../Engine/Content/EngineMaterials/HighResScreenshotCaptureRegion.uasset" 263
"../../../Engine/Content/EngineMaterials/HighResScreenshotMask.uasset" 264
"../../../Engine/Content/EngineMaterials/LandscapeHolePhysicalMaterial.uasset" 265
"../../../Engine/Content/EngineMaterials/InvalidLightmapSettings.uasset" 266
"../../../Engine/Content/EngineMaterials/M_InvalidLightmapSettings.uasset" 267
"../../../Engine/Content/EngineMaterials/PaperDiffuse.uasset" 268
"../../../Engine/Content/EngineMaterials/PaperNormal.uasset" 269
"../../../Engine/Content/Functions/Engine_MaterialFunctions02/WorldPositionOffset/CameraOffset.uasset" 270
"../../../Engine/Content/EngineMaterials/PhAT_JointLimitMaterial.uasset" 271
"../../../Engine/Content/EngineMaterials/PhysMat_Rubber.uasset" 272
"../../../Engine/Content/EngineMaterials/PreintegratedSkinBRDF.uasset" 273
"../../../Engine/Content/EngineMaterials/RemoveSurfaceMaterial.uasset" 274
"../../../Engine/Content/EngineMaterials/WeightMapPlaceholderTexture.uasset" 275
"../../../Engine/Content/Functions/Engine_MaterialFunctions01/ImageAdjustment/sRGBToLinear.uasset" 276
"../../../Engine/Content/Functions/Engine_MaterialFunctions02/Utility/BreakOutFloat3Components.uasset" 277
"../../../Engine/Content/EngineMaterials/Widget3DCameraPassThrough_Opaque_OneSided.uasset" 278
"../../../Engine/Content/EngineMaterials/Widget3DPassThrough.uasset" 279
"../../../Engine/Content/EngineMaterials/Widget3DPassThrough_Masked.uasset" 280
"../../../Engine/Content/EngineMaterials/Widget3DPassThrough_Opaque.uasset" 281
"../../../Engine/Content/EngineMaterials/Widget3DPassThrough_Masked_OneSided.uasset" 282
"../../../Engine/Content/EngineMaterials/Widget3DPassThrough_Opaque_OneSided.uasset" 283
"../../../Engine/Content/EngineMaterials/Widget3DPassThrough_Translucent.uasset" 284
"../../../Engine/Content/EngineMaterials/Widget3DPassThrough_Translucent_OneSided.uasset" 285
"../../../Engine/Content/EngineMeshes/Cylinder.uasset" 286
"../../../Engine/Content/EngineMeshes/Sphere.uasset" 287
"../../../Engine/Content/EngineResources/Black.uasset" 288
"../../../Engine/Content/EngineResources/DefaultTexture.uasset" 289
"../../../Engine/Content/EngineResources/DefaultTextureCube.uasset" 290
"../../../Engine/Content/EngineResources/DefaultVolumeTexture2D.uasset" 291
"../../../Engine/Content/EngineResources/DefaultVolumeTexture.uasset" 292
"../../../Engine/Content/EngineResources/GradientTexture0.uasset" 293
"../../../Engine/Content/EngineResources/StreamingPauseIcon.uasset" 294
"../../../Engine/Content/EngineResources/M_StreamingPause.uasset" 295
"../../../Engine/Content/EngineSounds/Master.uasset" 296
"../../../Engine/Content/Functions/Engine_MaterialFunctions01/Shading/PowerToRoughness.uasset" 297
"../../../Engine/Content/Maps/Templates/Thumbnails/Default.uasset" 298
"../../../Engine/Content/Maps/Templates/Thumbnails/TimeOfDay.uasset" 299
"../../../Engine/Content/Maps/Templates/Thumbnails/VR-Basic.uasset" 300
"../../../Engine/Content/MapTemplates/Sky/DaylightAmbientCubemap.uasset" 301
"../../../Engine/Content/MobileResources/T_MobileControls_texture.uasset" 302
"../../../Engine/Content/MobileResources/T_MobileMenu2.uasset" 303
"../../../Engine/Content/MobileResources/HUD/AnalogHat.uasset" 304
"../../../Engine/Content/MobileResources/HUD/VirtualJoystick_Background.uasset" 305
"../../../Engine/Content/MobileResources/HUD/VirtualJoystick_Thumb.uasset" 306
"../../../Engine/Content/MobileResources/HUD/DefaultVirtualJoysticks.uasset" 307
"../../../Engine/Content/MobileResources/HUD/LeftVirtualJoystickOnly.uasset" 308
"../../../Engine/Content/MobileResources/HUD/MobileHUDButton1_off.uasset" 309
"../../../Engine/Content/MobileResources/HUD/MobileHUDButton1_on.uasset" 310
"../../../Engine/Content/MobileResources/HUD/MobileHUDButton2_off.uasset" 311
"../../../Engine/Content/MobileResources/HUD/MobileHUDButton2_on.uasset" 312
"../../../Engine/Content/MobileResources/HUD/MobileHUDButton3.uasset" 313
"../../../Engine/Content/MobileResources/HUD/MobileHUDButtonFire.uasset" 314
"../../../Engine/Content/MobileResources/HUD/MobileHUDDirectionPad.uasset" 315
"../../../Engine/Content/MobileResources/HUD/MobileHUDDirectionPad2.uasset" 316
"../../../Engine/Content/MobileResources/HUD/MobileHUDDirectionPad3.uasset" 317
"../../../Engine/Content/MobileResources/HUD/MobileHUDDirectionStick.uasset" 318
"../../../Engine/Content/MobileResources/HUD/T_Castle_ThumbstickInner.uasset" 319
"../../../Engine/Content/MobileResources/HUD/T_Castle_ThumbstickOutter.uasset" 320
"../../../Engine/Content/Tutorial/ContentIntroCurve.uasset" 321
"../../../Engine/Content/Tutorial/Basics/LevelEditorAttract.uasset" 322
"../../../Engine/Content/Tutorial/Basics/TutorialAssets/icon_tab_Levels_40x.uasset" 323
"../../../Engine/Content/Tutorial/Basics/LevelEditorOverview.uasset" 324
"../../../Engine/Content/Tutorial/BlueprintTutorials/TutorialAssets/Blueprint_64x.uasset" 325
"../../../Engine/Content/Tutorial/BlueprintTutorials/BlueprintEditorTutorial.uasset" 326
"../../../Engine/Content/Tutorial/BlueprintTutorials/TutorialAssets/Tutorial_BP_MacroLib.uasset" 327
"../../../Engine/Content/Tutorial/Code/AddingCode.uasset" 328
"../../../Engine/Content/Tutorial/SubEditors/GettingSubstance.uasset" 329
"../../../Engine/Content/VREditor/Sounds/UI/Click_on_Button.uasset" 330
"../../../Engine/Content/VREditor/LaserPointer/VR_LaserPower_01.uasset" 331
"../../../Engine/Content/VREditor/TransformGizmo/TransformGizmoMaterial.uasset" 332
"../../../Engine/Content/VREditor/TransformGizmo/TranslucentTransformGizmoMaterial.uasset" 333
"../../../Engine/Content/VREditor/TransformGizmo/BoundingBoxCorner.uasset" 334
"../../../Engine/Content/VREditor/TransformGizmo/BoundingBoxEdge.uasset" 335
"../../../Engine/Content/VREditor/TransformGizmo/PlaneTranslationHandle.uasset" 336
"../../../Engine/Content/VREditor/TransformGizmo/Main.uasset" 337
"../../../Engine/Content/VREditor/TransformGizmo/Xray.uasset" 338
"../../../Engine/Content/VREditor/TransformGizmo/SM_Sequencer_Key.uasset" 339
"../../../Engine/Content/VREditor/TransformGizmo/SM_Sequencer_Node.uasset" 340
"C:/Users/ZSM/Desktop/BodyDefenseForce/Content/HumanVocalizations/HumanFemaleB/Wavs/voice_female_b_hurt_pain_12.uasset" 341
"C:/Users/ZSM/Desktop/BodyDefenseForce/Content/HumanVocalizations/HumanMaleA/Wavs/voice_male_grunt_pain_death_09.uasset" 342
"C:/Users/ZSM/Desktop/BodyDefenseForce/Content/Spawn_System/Blueprints/Spawn_System/StructsAndMacros/ActorCustomMacroLibrary.uasset" 343
"C:/Users/ZSM/Desktop/BodyDefenseForce/Content/Spawn_System/Maps/DemoRoom/BluePrint/BP_DemoDisplay_Enum.uasset" 344
"C:/Users/ZSM/Desktop/BodyDefenseForce/Content/Spawn_System/Maps/DemoRoom/BluePrint/BP_DemoRoom_Enum.uasset" 345
"C:/Users/ZSM/Desktop/BodyDefenseForce/Content/StarterContent/Audio/Explosion01.uasset" 346
"C:/Users/ZSM/Desktop/BodyDefenseForce/Content/StarterContent/Audio/Explosion02.uasset" 347
"../../Plugins/2D/Paper2D/Content/PlaceholderTextures/DummySpriteTexture.uasset" 348
"../../Plugins/2D/Paper2D/Content/DummySprite.uasset" 349
"../../Plugins/2D/Paper2D/Content/DefaultPaperTerrainMaterial.uasset" 350
"../../Plugins/2D/Paper2D/Content/DefaultSpriteMaterial.uasset" 351
"../../Plugins/2D/Paper2D/Content/MaskedUnlitSpriteMaterial.uasset" 352
"../../Plugins/2D/Paper2D/Content/OpaqueUnlitSpriteMaterial.uasset" 353
"../../Plugins/Enterprise/DatasmithContent/Content/Blueprints/FBXImporter/FBXImporterUtils.uasset" 354
"../../../Engine/Content/Functions/Engine_MaterialFunctions02/Utility/BreakOutFloat4Components.uasset" 355
"../../Plugins/Runtime/Oculus/OculusVR/Content/Materials/OculusMR_ChromaKey.uasset" 356
"../../Plugins/Runtime/Oculus/OculusVR/Content/Materials/OculusMR_ChromaKey_Lit.uasset" 357
"../../Plugins/Runtime/Oculus/OculusVR/Content/Materials/OculusMR_OpaqueColoredMaterial.uasset" 358
"../../Plugins/Runtime/Oculus/OculusVR/Content/Materials/OculusMR_WhiteMaterial.uasset" 359
"../../Plugins/Runtime/Oculus/OculusVR/Content/Materials/PokeAHoleMaterial.uasset" 360
"../../Plugins/Runtime/Oculus/OculusVR/Content/Textures/GearVRController_AO.uasset" 361
"../../Plugins/Runtime/Oculus/OculusVR/Content/Textures/GearVRController_Color.uasset" 362
"../../Plugins/Runtime/Oculus/OculusVR/Content/Textures/GearVRController_Normal.uasset" 363
"../../Plugins/Runtime/Oculus/OculusVR/Content/Materials/GearVRControllerMaterial.uasset" 364
"../../Plugins/Runtime/Oculus/OculusVR/Content/Meshes/GearVrController.uasset" 365
"../../Plugins/Runtime/Oculus/OculusVR/Content/Textures/touchController_albedo.uasset" 366
"../../Plugins/Runtime/Oculus/OculusVR/Content/Textures/touchController_controlmap.uasset" 367
"../../Plugins/Runtime/Oculus/OculusVR/Content/Materials/touchController_mat.uasset" 368
"../../Plugins/Runtime/Oculus/OculusVR/Content/Meshes/LeftTouchController.uasset" 369
"../../Plugins/Runtime/Oculus/OculusVR/Content/Meshes/RiftHMD.uasset" 370
"../../Plugins/Runtime/Oculus/OculusVR/Content/Meshes/RightTouchController.uasset" 371
"../../../Engine/Content/Maps/Entry_BuiltData.uasset" 372
"../../../Engine/Content/Maps/Entry.umap" 373
"C:/Users/ZSM/Desktop/BodyDefenseForce/Content/Mannequin/Character/Mesh/UE4_Mannequin_Skeleton.uasset" 374
"C:/Users/ZSM/Desktop/BodyDefenseForce/Content/Mannequin/Animations/ThirdPerson_Jump.uasset" 375
"C:/Users/ZSM/Desktop/BodyDefenseForce/Content/Mannequin/Animations/ThirdPersonJump_Loop.uasset" 376
"C:/Users/ZSM/Desktop/BodyDefenseForce/Content/Mannequin/Animations/ThirdPersonJump_Start.uasset" 377
"C:/Users/ZSM/Desktop/BodyDefenseForce/Content/Mannequin/Animations/ThirdPersonIdle.uasset" 378
"C:/Users/ZSM/Desktop/BodyDefenseForce/Content/Mannequin/Animations/ThirdPersonRun.uasset" 379
"C:/Users/ZSM/Desktop/BodyDefenseForce/Content/Mannequin/Animations/ThirdPersonWalk.uasset" 380
"C:/Users/ZSM/Desktop/BodyDefenseForce/Content/Mannequin/Animations/ThirdPerson_IdleRun_2D.uasset" 381
"C:/Users/ZSM/Desktop/BodyDefenseForce/Content/Mannequin/Animations/ThirdPerson_AnimBP.uasset" 382
"../../../Engine/Content/Tutorial/SubEditors/TutorialAssets/Character/TutorialTPP_Skeleton.uasset" 383
"../../../Engine/Content/Tutorial/SubEditors/TutorialAssets/Character/Tutorial_Walk_Fwd.uasset" 384
"C:/Users/ZSM/Desktop/BodyDefenseForce/Content/BodyDefenseForce/AIController/AI_BT.uasset" 385
"C:/Users/ZSM/Desktop/BodyDefenseForce/Content/BodyDefenseForce/BPI_DamageCalculate.uasset" 386
"C:/Users/ZSM/Desktop/BodyDefenseForce/Content/BodyDefenseForce/MiniRenderTarget.uasset" 387
"C:/Users/ZSM/Desktop/BodyDefenseForce/Content/BodyDefenseForce/BP_MinimapCamera.uasset" 388
"../../Plugins/Enterprise/DatasmithContent/Content/Materials/FBXImporter/VRED/VREDRepeatMode.uasset" 389
"../../../Engine/Content/Functions/Engine_MaterialFunctions02/WorldPositionOffset/LocalPosition.uasset" 390
"../../Plugins/Enterprise/DatasmithContent/Content/Materials/FBXImporter/VRED/PlanarMapping.uasset" 391
"../../../Engine/Content/Functions/Engine_MaterialFunctions02/Texturing/CustomRotator.uasset" 392
"../../../Engine/Content/Functions/Engine_MaterialFunctions02/WorldPositionOffset/ObjectScale.uasset" 393
"../../Plugins/Enterprise/DatasmithContent/Content/Materials/FBXImporter/VRED/TriplanarMapping.uasset" 394
"../../Plugins/Enterprise/DatasmithContent/Content/Materials/FBXImporter/VRED/UVMapping.uasset" 395
"../../Plugins/Enterprise/DatasmithContent/Content/Materials/FBXImporter/VRED/VREDTextureRead.uasset" 396
"../../../Engine/Content/Functions/Engine_MaterialFunctions01/Texturing/BakedDisplacement.uasset" 397
"../../../Engine/Content/Functions/Engine_MaterialFunctions01/Texturing/FlattenNormal.uasset" 398
"../../../Engine/Content/Functions/Engine_MaterialFunctions02/Fresnel_Function.uasset" 399
"../../../Engine/Content/Functions/MaterialLayerFunctions/MatLayerBlend_Standard.uasset" 400
"../../../Engine/Content/EditorShapes/Textures/T_ShapeNormal.uasset" 401
"../../Plugins/Enterprise/DatasmithContent/Content/Materials/FBXImporter/VRED/UnicolorCarpaint.uasset" 402
"../../Plugins/Developer/AnimationSharing/Content/AnimSharingBase.uasset" 403
"../../Plugins/Developer/AnimationSharing/Content/AnimSharingBlue.uasset" 404
"../../../Engine/Content/VREditor/LaserPointer/CursorPointer.uasset" 405
"../../../Engine/Content/VREditor/TransformGizmo/RotationHandleFull.uasset" 406
"C:/Users/ZSM/Desktop/BodyDefenseForce/Content/StarterContent/Audio/Explosion_Cue.uasset" 407
"C:/Users/ZSM/Desktop/BodyDefenseForce/Content/StarterContent/Props/MaterialSphere.uasset" 408
"../../../Engine/Content/Functions/Engine_MaterialFunctions01/Gradient/RadialGradient.uasset" 409
"../../../Engine/Content/Functions/Engine_MaterialFunctions02/Utility/LinearSine.uasset" 410
"C:/Users/ZSM/Desktop/BodyDefenseForce/Content/TS_Fireworks/Materials/M_TS_FireworksSimple.uasset" 411
"C:/Users/ZSM/Desktop/BodyDefenseForce/Content/TS_Fireworks/Materials/M_TS_FireworksSmoke.uasset" 412
"C:/Users/ZSM/Desktop/BodyDefenseForce/Content/TS_Fireworks/Materials/MI_TS_Fireworks_Solid.uasset" 413
"C:/Users/ZSM/Desktop/BodyDefenseForce/Content/TS_Fireworks/Particles/PS_TS_Fireworks_Burst_ShellsWithinShells.uasset" 414
"C:/Users/ZSM/Desktop/BodyDefenseForce/Content/ThirdPersonCPP/Blueprints/BP_Ammo1.uasset" 415
"../../../Engine/Content/EngineMaterials/FlatNormal.uasset" 416
"../../Plugins/Enterprise/DatasmithContent/Content/Materials/CE_BaseMaster.uasset" 417
"../../Plugins/Enterprise/DatasmithContent/Content/Materials/CE_OpaqueMaster.uasset" 418
"../../../Engine/Content/Functions/Engine_MaterialFunctions02/SafeNormalize.uasset" 419
"../../../Engine/Content/EditorMaterials/Cloth/CameraLitDoubleSided.uasset" 420
"../../../Engine/Content/MapTemplates/Sky/Desert_Outer_HDR.uasset" 421
"../../../Engine/Content/MapTemplates/Sky/Desert_Outer_HDR_Mat.uasset" 422
"../../Plugins/Developer/AnimationSharing/Content/AnimSharingGreen.uasset" 423
"C:/Users/ZSM/Desktop/BodyDefenseForce/Content/StarterContent/Textures/T_Burst_M.uasset" 424
"C:/Users/ZSM/Desktop/BodyDefenseForce/Content/StarterContent/Particles/Materials/M_Burst.uasset" 425
"C:/Users/ZSM/Desktop/BodyDefenseForce/Content/StarterContent/Textures/T_Explosion_SubUV.uasset" 426
"C:/Users/ZSM/Desktop/BodyDefenseForce/Content/StarterContent/Particles/Materials/M_explosion_subUV.uasset" 427
"C:/Users/ZSM/Desktop/BodyDefenseForce/Content/StarterContent/Particles/Materials/m_flare_01.uasset" 428
"C:/Users/ZSM/Desktop/BodyDefenseForce/Content/StarterContent/Particles/Materials/M_radial_ramp.uasset" 429
"C:/Users/ZSM/Desktop/BodyDefenseForce/Content/StarterContent/Textures/T_Smoke_SubUV.uasset" 430
"C:/Users/ZSM/Desktop/BodyDefenseForce/Content/StarterContent/Textures/T_Smoke_Tiled_D.uasset" 431
"C:/Users/ZSM/Desktop/BodyDefenseForce/Content/StarterContent/Particles/Materials/M_smoke_subUV.uasset" 432
"C:/Users/ZSM/Desktop/BodyDefenseForce/Content/StarterContent/Particles/P_Explosion.uasset" 433
"C:/Users/ZSM/Desktop/BodyDefenseForce/Content/ThirdPersonCPP/Blueprints/BP_Ammo2.uasset" 434
"C:/Users/ZSM/Desktop/BodyDefenseForce/Content/TS_Fireworks/Particles/PS_TS_Fireworks_Burst_Palm.uasset" 435
"C:/Users/ZSM/Desktop/BodyDefenseForce/Content/ThirdPersonCPP/Blueprints/BP_AmmoPrototype.uasset" 436
"../../Plugins/Enterprise/DatasmithContent/Content/Materials/AliasMaster.uasset" 437
"../../../Engine/Content/Functions/Engine_MaterialFunctions02/ExampleContent/Gradient.uasset" 438
"../../../Engine/Content/Functions/Engine_MaterialFunctions02/ExampleContent/Greyscale.uasset" 439
"../../../Engine/Content/Functions/Engine_MaterialFunctions02/Gradients/GradientMap_Multi.uasset" 440
"../../../Engine/Content/Functions/Engine_MaterialFunctions02/ExampleContent/GradientMap_Multi_Example.uasset" 441
"C:/Users/ZSM/Desktop/BodyDefenseForce/Content/ThirdPersonCPP/Blueprints/BP_AmmoPrototypeGravity.uasset" 442
"../../../Engine/Content/VREditor/Devices/Generic/GenericHMDMaterial.uasset" 443
"../../Plugins/Developer/AnimationSharing/Content/AnimSharingRed.uasset" 444
"C:/Users/ZSM/Desktop/BodyDefenseForce/Content/ThirdPersonCPP/Blueprints/BP_AOE_Prototype.uasset" 445
"C:/Users/ZSM/Desktop/BodyDefenseForce/Content/BodyDefenseForce/SaveGame_Player0.uasset" 446
"C:/Users/ZSM/Desktop/BodyDefenseForce/Content/BodyDefenseForce/BP_Esc.uasset" 447
"../../../Engine/Content/Functions/Engine_MaterialFunctions01/Density/ExponentialDensity.uasset" 448
"../../../Engine/Content/Functions/Engine_MaterialFunctions01/Gradient/RadialGradientExponential.uasset" 449
"C:/Users/ZSM/Desktop/BodyDefenseForce/Content/BodyDefenseForce/MiniRenderTarget_Mat.uasset" 450
"C:/Users/ZSM/Desktop/BodyDefenseForce/Content/BodyDefenseForce/BP_HUD.uasset" 451
"C:/Users/ZSM/Desktop/BodyDefenseForce/Content/BodyDefenseForce/SkillTreeSaving.uasset" 452
"../../../Engine/Content/EngineResources/AICON-Red_Low.uasset" 453
"C:/Users/ZSM/Desktop/BodyDefenseForce/Content/BodyDefenseForce/BP_SkillTree.uasset" 454
"C:/Users/ZSM/Desktop/BodyDefenseForce/Content/HumanVocalizations/HumanFemaleA/Wavs/voice_female_a_death_10.uasset" 455
"C:/Users/ZSM/Desktop/BodyDefenseForce/Content/HumanVocalizations/HumanFemaleB/Cues/voice_female_b_hurt_pain_12_Cue.uasset" 456
"../../../Engine/Content/Functions/Engine_MaterialFunctions02/Utility/BlendAngleCorrectedNormals.uasset" 457
"../../../Engine/Content/Functions/MaterialLayerFunctions/MatLayerBlend_NormalBlend.uasset" 458
"../../../Engine/Content/Functions/MaterialLayerFunctions/MatLayerBlend_Simple.uasset" 459
"C:/Users/ZSM/Desktop/BodyDefenseForce/Content/Mannequin/Character/Materials/MaterialLayers/T_ML_Rubber_Blue_01_D.uasset" 460
"C:/Users/ZSM/Desktop/BodyDefenseForce/Content/Mannequin/Character/Materials/MaterialLayers/T_ML_Rubber_Blue_01_N.uasset" 461
"C:/Users/ZSM/Desktop/BodyDefenseForce/Content/Mannequin/Character/Materials/MaterialLayers/ML_GlossyBlack_Latex_UE4.uasset" 462
"C:/Users/ZSM/Desktop/BodyDefenseForce/Content/Mannequin/Character/Materials/MaterialLayers/ML_Plastic_Shiny_Beige.uasset" 463
"C:/Users/ZSM/Desktop/BodyDefenseForce/Content/Mannequin/Character/Textures/UE4_LOGO_CARD.uasset" 464
"C:/Users/ZSM/Desktop/BodyDefenseForce/Content/Mannequin/Character/Materials/MaterialLayers/ML_Plastic_Shiny_Beige_LOGO.uasset" 465
"C:/Users/ZSM/Desktop/BodyDefenseForce/Content/Mannequin/Character/Materials/MaterialLayers/T_ML_Aluminum01.uasset" 466
"C:/Users/ZSM/Desktop/BodyDefenseForce/Content/Mannequin/Character/Materials/MaterialLayers/T_ML_Aluminum01_N.uasset" 467
"C:/Users/ZSM/Desktop/BodyDefenseForce/Content/Mannequin/Character/Materials/MaterialLayers/ML_SoftMetal_UE4.uasset" 468
"C:/Users/ZSM/Desktop/BodyDefenseForce/Content/Mannequin/Character/Textures/UE4_Mannequin__normals.uasset" 469
"C:/Users/ZSM/Desktop/BodyDefenseForce/Content/Mannequin/Character/Textures/UE4_Mannequin_MAT_MASKA.uasset" 470
"C:/Users/ZSM/Desktop/BodyDefenseForce/Content/Mannequin/Character/Materials/M_UE4Man_Body.uasset" 471
"C:/Users/ZSM/Desktop/BodyDefenseForce/Content/Mannequin/Character/Textures/UE4Man_Logo_N.uasset" 472
"C:/Users/ZSM/Desktop/BodyDefenseForce/Content/Mannequin/Character/Materials/M_UE4Man_ChestLogo.uasset" 473
"C:/Users/ZSM/Desktop/BodyDefenseForce/Content/Mannequin/Character/Mesh/SK_Mannequin_PhysicsAsset.uasset" 474
"C:/Users/ZSM/Desktop/BodyDefenseForce/Content/Mannequin/Character/Mesh/SK_Mannequin.uasset" 475
"C:/Users/ZSM/Desktop/BodyDefenseForce/Content/ThirdPersonCPP/Blueprints/DemoThirdPersonCharacter.uasset" 476
"C:/Users/ZSM/Desktop/BodyDefenseForce/Content/StarterContent/Textures/T_Concrete_Tiles_D.uasset" 477
"C:/Users/ZSM/Desktop/BodyDefenseForce/Content/StarterContent/Textures/T_Concrete_Tiles_M.uasset" 478
"C:/Users/ZSM/Desktop/BodyDefenseForce/Content/StarterContent/Textures/T_Concrete_Tiles_N.uasset" 479
"C:/Users/ZSM/Desktop/BodyDefenseForce/Content/StarterContent/Textures/T_Concrete_Tiles_Variation_M.uasset" 480
"C:/Users/ZSM/Desktop/BodyDefenseForce/Content/StarterContent/Textures/T_MacroVariation.uasset" 481
"C:/Users/ZSM/Desktop/BodyDefenseForce/Content/StarterContent/Materials/M_Concrete_Tiles.uasset" 482
"C:/Users/ZSM/Desktop/BodyDefenseForce/Content/HumanVocalizations/HumanMaleA/Cues/voice_male_grunt_pain_death_09_Cue.uasset" 483
"C:/Users/ZSM/Desktop/BodyDefenseForce/Content/ThirdPersonCPP/Blueprints/SM_MERGED_Fungus_2.uasset" 484
"C:/Users/ZSM/Desktop/BodyDefenseForce/Content/ThirdPersonCPP/Blueprints/ZombieAI_Fungus.uasset" 485
"../../../Engine/Content/EngineSky/C_Sky_Cloud_Color.uasset" 486
"../../../Engine/Content/EngineSky/C_Sky_Horizon_Color.uasset" 487
"../../../Engine/Content/EngineSky/C_Sky_Zenith_Color.uasset" 488
"../../../Engine/Content/EngineSky/T_Sky_Blue.uasset" 489
"../../../Engine/Content/EngineSky/T_Sky_Clouds_M.uasset" 490
"../../../Engine/Content/EngineSky/T_Sky_Stars.uasset" 491
"../../../Engine/Content/EngineSky/M_Sky_Panning_Clouds2.uasset" 492
"../../../Engine/Content/EngineSky/SM_SkySphere.uasset" 493
"../../../Engine/Content/EngineSky/BP_Sky_Sphere.uasset" 494
"../../../Engine/Content/BasicShapes/BasicShapeMaterial.uasset" 495
"C:/Users/ZSM/Desktop/BodyDefenseForce/Content/StarterContent/Textures/T_Ground_Gravel_D.uasset" 496
"C:/Users/ZSM/Desktop/BodyDefenseForce/Content/StarterContent/Textures/T_Ground_Gravel_N.uasset" 497
"C:/Users/ZSM/Desktop/BodyDefenseForce/Content/StarterContent/Textures/T_Perlin_Noise_M.uasset" 498
"C:/Users/ZSM/Desktop/BodyDefenseForce/Content/StarterContent/Materials/M_Ground_Gravel.uasset" 499
"../../../Engine/Content/BasicShapes/Cube.uasset" 500
"C:/Users/ZSM/Desktop/BodyDefenseForce/Content/BodyDefenseForce/Map/Demo1.umap" 501
"C:/Users/ZSM/Desktop/BodyDefenseForce/Content/Heart/Material/MI_Heart_Red.uasset" 502
"../../../Engine/Content/VREditor/Sounds/UI/Click_on_Button_Cue.uasset" 503
"C:/Users/ZSM/Desktop/BodyDefenseForce/Content/Heart/StaticMesh/Heart.uasset" 504
"C:/Users/ZSM/Desktop/BodyDefenseForce/Content/Heart/Blueprint/BP_Heart.uasset" 505
"C:/Users/ZSM/Desktop/BodyDefenseForce/Content/Heart/Material/MI_TunnelPath.uasset" 506
"C:/Users/ZSM/Desktop/BodyDefenseForce/Content/Heart/StaticMesh/SM_Path.uasset" 507
"C:/Users/ZSM/Desktop/BodyDefenseForce/Content/Heart/Blueprint/BP_Path.uasset" 508
"C:/Users/ZSM/Desktop/BodyDefenseForce/Content/Heart/Material/Mat_TubeTunnel.uasset" 509
"C:/Users/ZSM/Desktop/BodyDefenseForce/Content/Heart/Material/MI_TubeTunnel_Red.uasset" 510
"C:/Users/ZSM/Desktop/BodyDefenseForce/Content/Heart/StaticMesh/SM_TubeTunnel.uasset" 511
"C:/Users/ZSM/Desktop/BodyDefenseForce/Content/Heart/Blueprint/BP_TunneledPath.uasset" 512
"C:/Users/ZSM/Desktop/BodyDefenseForce/Content/Heart/BP_Sky_Sphere.uasset" 513
"C:/Users/ZSM/Desktop/BodyDefenseForce/Content/Heart/BP_Trigger.uasset" 514
"C:/Users/ZSM/Desktop/BodyDefenseForce/Content/Heart/Level_Heart_BuiltData.uasset" 515
"C:/Users/ZSM/Desktop/BodyDefenseForce/Content/Heart/StaticMesh/SM_BendingPath.uasset" 516
"C:/Users/ZSM/Desktop/BodyDefenseForce/Content/Heart/Level_Heart.umap" 517
